Determining if the pthread_create exist failed with the following output:
Change Dir: /home/hossein/catkin_ws/build/CMakeFiles/CMakeTmp

Run Build Command:"/usr/bin/make" "cmTC_6660d/fast"
/usr/bin/make -f CMakeFiles/cmTC_6660d.dir/build.make CMakeFiles/cmTC_6660d.dir/build
make[1]: Entering directory '/home/hossein/catkin_ws/build/CMakeFiles/CMakeTmp'
Building C object CMakeFiles/cmTC_6660d.dir/CheckSymbolExists.c.o
/usr/bin/cc     -o CMakeFiles/cmTC_6660d.dir/CheckSymbolExists.c.o   -c /home/hossein/catkin_ws/build/CMakeFiles/CMakeTmp/CheckSymbolExists.c
Linking C executable cmTC_6660d
/usr/bin/cmake -E cmake_link_script CMakeFiles/cmTC_6660d.dir/link.txt --verbose=1
/usr/bin/cc       CMakeFiles/cmTC_6660d.dir/CheckSymbolExists.c.o  -o cmTC_6660d -rdynamic 
CMakeFiles/cmTC_6660d.dir/CheckSymbolExists.c.o: In function `main':
CheckSymbolExists.c:(.text+0x16): undefined reference to `pthread_create'
collect2: error: ld returned 1 exit status
CMakeFiles/cmTC_6660d.dir/build.make:97: recipe for target 'cmTC_6660d' failed
make[1]: *** [cmTC_6660d] Error 1
make[1]: Leaving directory '/home/hossein/catkin_ws/build/CMakeFiles/CMakeTmp'
Makefile:126: recipe for target 'cmTC_6660d/fast' failed
make: *** [cmTC_6660d/fast] Error 2

File /home/hossein/catkin_ws/build/CMakeFiles/CMakeTmp/CheckSymbolExists.c:
/* */
#include <pthread.h>

int main(int argc, char** argv)
{
  (void)argv;
#ifndef pthread_create
  return ((int*)(&pthread_create))[argc];
#else
  (void)argc;
  return 0;
#endif
}

Determining if the function pthread_create exists in the pthreads failed with the following output:
Change Dir: /home/hossein/catkin_ws/build/CMakeFiles/CMakeTmp

Run Build Command:"/usr/bin/make" "cmTC_9ce74/fast"
/usr/bin/make -f CMakeFiles/cmTC_9ce74.dir/build.make CMakeFiles/cmTC_9ce74.dir/build
make[1]: Entering directory '/home/hossein/catkin_ws/build/CMakeFiles/CMakeTmp'
Building C object CMakeFiles/cmTC_9ce74.dir/CheckFunctionExists.c.o
/usr/bin/cc    -DCHECK_FUNCTION_EXISTS=pthread_create   -o CMakeFiles/cmTC_9ce74.dir/CheckFunctionExists.c.o   -c /usr/share/cmake-3.5/Modules/CheckFunctionExists.c
Linking C executable cmTC_9ce74
/usr/bin/cmake -E cmake_link_script CMakeFiles/cmTC_9ce74.dir/link.txt --verbose=1
/usr/bin/cc   -DCHECK_FUNCTION_EXISTS=pthread_create    CMakeFiles/cmTC_9ce74.dir/CheckFunctionExists.c.o  -o cmTC_9ce74 -rdynamic -lpthreads 
/usr/bin/ld: cannot find -lpthreads
collect2: error: ld returned 1 exit status
CMakeFiles/cmTC_9ce74.dir/build.make:97: recipe for target 'cmTC_9ce74' failed
make[1]: *** [cmTC_9ce74] Error 1
make[1]: Leaving directory '/home/hossein/catkin_ws/build/CMakeFiles/CMakeTmp'
Makefile:126: recipe for target 'cmTC_9ce74/fast' failed
make: *** [cmTC_9ce74/fast] Error 2


Determining if the Q_WS_WIN exist failed with the following output:
Change Dir: /home/hossein/catkin_ws/build/CMakeFiles/CMakeTmp

Run Build Command:"/usr/bin/make" "cmTC_15b3f/fast"
/usr/bin/make -f CMakeFiles/cmTC_15b3f.dir/build.make CMakeFiles/cmTC_15b3f.dir/build
make[1]: Entering directory '/home/hossein/catkin_ws/build/CMakeFiles/CMakeTmp'
Building CXX object CMakeFiles/cmTC_15b3f.dir/CheckSymbolExists.cxx.o
/usr/bin/c++    -I/usr/include/qt4   -o CMakeFiles/cmTC_15b3f.dir/CheckSymbolExists.cxx.o -c /home/hossein/catkin_ws/build/CMakeFiles/CMakeTmp/CheckSymbolExists.cxx
/home/hossein/catkin_ws/build/CMakeFiles/CMakeTmp/CheckSymbolExists.cxx: In function ‘int main(int, char**)’:
/home/hossein/catkin_ws/build/CMakeFiles/CMakeTmp/CheckSymbolExists.cxx:8:19: error: ‘Q_WS_WIN’ was not declared in this scope
   return ((int*)(&Q_WS_WIN))[argc];
                   ^
CMakeFiles/cmTC_15b3f.dir/build.make:65: recipe for target 'CMakeFiles/cmTC_15b3f.dir/CheckSymbolExists.cxx.o' failed
make[1]: *** [CMakeFiles/cmTC_15b3f.dir/CheckSymbolExists.cxx.o] Error 1
make[1]: Leaving directory '/home/hossein/catkin_ws/build/CMakeFiles/CMakeTmp'
Makefile:126: recipe for target 'cmTC_15b3f/fast' failed
make: *** [cmTC_15b3f/fast] Error 2

File /home/hossein/catkin_ws/build/CMakeFiles/CMakeTmp/CheckSymbolExists.cxx:
/* */
#include <QtCore/qglobal.h>

int main(int argc, char** argv)
{
  (void)argv;
#ifndef Q_WS_WIN
  return ((int*)(&Q_WS_WIN))[argc];
#else
  (void)argc;
  return 0;
#endif
}

Determining if the Q_WS_QWS exist failed with the following output:
Change Dir: /home/hossein/catkin_ws/build/CMakeFiles/CMakeTmp

Run Build Command:"/usr/bin/make" "cmTC_61480/fast"
/usr/bin/make -f CMakeFiles/cmTC_61480.dir/build.make CMakeFiles/cmTC_61480.dir/build
make[1]: Entering directory '/home/hossein/catkin_ws/build/CMakeFiles/CMakeTmp'
Building CXX object CMakeFiles/cmTC_61480.dir/CheckSymbolExists.cxx.o
/usr/bin/c++    -I/usr/include/qt4   -o CMakeFiles/cmTC_61480.dir/CheckSymbolExists.cxx.o -c /home/hossein/catkin_ws/build/CMakeFiles/CMakeTmp/CheckSymbolExists.cxx
/home/hossein/catkin_ws/build/CMakeFiles/CMakeTmp/CheckSymbolExists.cxx: In function ‘int main(int, char**)’:
/home/hossein/catkin_ws/build/CMakeFiles/CMakeTmp/CheckSymbolExists.cxx:8:19: error: ‘Q_WS_QWS’ was not declared in this scope
   return ((int*)(&Q_WS_QWS))[argc];
                   ^
CMakeFiles/cmTC_61480.dir/build.make:65: recipe for target 'CMakeFiles/cmTC_61480.dir/CheckSymbolExists.cxx.o' failed
make[1]: *** [CMakeFiles/cmTC_61480.dir/CheckSymbolExists.cxx.o] Error 1
make[1]: Leaving directory '/home/hossein/catkin_ws/build/CMakeFiles/CMakeTmp'
Makefile:126: recipe for target 'cmTC_61480/fast' failed
make: *** [cmTC_61480/fast] Error 2

File /home/hossein/catkin_ws/build/CMakeFiles/CMakeTmp/CheckSymbolExists.cxx:
/* */
#include <QtCore/qglobal.h>

int main(int argc, char** argv)
{
  (void)argv;
#ifndef Q_WS_QWS
  return ((int*)(&Q_WS_QWS))[argc];
#else
  (void)argc;
  return 0;
#endif
}

Determining if the Q_WS_MAC exist failed with the following output:
Change Dir: /home/hossein/catkin_ws/build/CMakeFiles/CMakeTmp

Run Build Command:"/usr/bin/make" "cmTC_8d8e5/fast"
/usr/bin/make -f CMakeFiles/cmTC_8d8e5.dir/build.make CMakeFiles/cmTC_8d8e5.dir/build
make[1]: Entering directory '/home/hossein/catkin_ws/build/CMakeFiles/CMakeTmp'
Building CXX object CMakeFiles/cmTC_8d8e5.dir/CheckSymbolExists.cxx.o
/usr/bin/c++    -I/usr/include/qt4   -o CMakeFiles/cmTC_8d8e5.dir/CheckSymbolExists.cxx.o -c /home/hossein/catkin_ws/build/CMakeFiles/CMakeTmp/CheckSymbolExists.cxx
/home/hossein/catkin_ws/build/CMakeFiles/CMakeTmp/CheckSymbolExists.cxx: In function ‘int main(int, char**)’:
/home/hossein/catkin_ws/build/CMakeFiles/CMakeTmp/CheckSymbolExists.cxx:8:19: error: ‘Q_WS_MAC’ was not declared in this scope
   return ((int*)(&Q_WS_MAC))[argc];
                   ^
CMakeFiles/cmTC_8d8e5.dir/build.make:65: recipe for target 'CMakeFiles/cmTC_8d8e5.dir/CheckSymbolExists.cxx.o' failed
make[1]: *** [CMakeFiles/cmTC_8d8e5.dir/CheckSymbolExists.cxx.o] Error 1
make[1]: Leaving directory '/home/hossein/catkin_ws/build/CMakeFiles/CMakeTmp'
Makefile:126: recipe for target 'cmTC_8d8e5/fast' failed
make: *** [cmTC_8d8e5/fast] Error 2

File /home/hossein/catkin_ws/build/CMakeFiles/CMakeTmp/CheckSymbolExists.cxx:
/* */
#include <QtCore/qglobal.h>

int main(int argc, char** argv)
{
  (void)argv;
#ifndef Q_WS_MAC
  return ((int*)(&Q_WS_MAC))[argc];
#else
  (void)argc;
  return 0;
#endif
}

